<?xml version="1.0" encoding="utf-8"?><testsuites name="pytest tests"><testsuite name="pytest" errors="0" failures="0" skipped="0" tests="12" time="12.077" timestamp="2026-08-11T19:46:02.056161+00:00" hostname="agent-env-5b0fd784-6f25-4857-a912-a8e99cf8ed52"><testcase classname="tests.test_new_features.TestTimeline" name="test_reports_include_timeline_field" time="3.112" /><testcase classname="tests.test_new_features.TestReceipts" name="test_upload_receipt_and_fetch_image" time="6.931" /><testcase classname="tests.test_new_features.TestTimeline" name="test_resident_reports_include_timeline" time="0.258" /><testcase classname="tests.test_new_features.TestTimeline" name="test_status_change_appends_event_and_persists" time="0.863" /><testcase classname="tests.test_new_features.TestTimeline" name="test_same_status_rejected_400" time="2.926" /><testcase classname="tests.test_new_features.TestReceipts" name="test_resident_cannot_upload_receipt" time="0.535" /><testcase classname="tests.test_new_features.TestNotifications" name="test_notifications_scoped_and_read" time="1.403" /><testcase classname="tests.test_new_features.TestReceipts" name="test_bad_file_type" time="0.642" /><testcase classname="tests.test_new_features.TestReceipts" name="test_unknown_tx_id_404" time="0.247" /><testcase classname="tests.test_new_features.TestNotifications" name="test_notifications_requires_auth" time="0.160" /><testcase classname="tests.test_new_features.TestReportMap" name="test_map_admin" time="0.191" /><testcase classname="tests.test_new_features.TestReportMap" name="test_map_resident_forbidden" time="0.161" /></testsuite></testsuites>