<?xml version="1.0" encoding="utf-8"?><testsuites name="pytest tests"><testsuite name="pytest" errors="0" failures="2" skipped="0" tests="28" time="35.423" timestamp="2026-08-11T19:06:00.817675+00:00" hostname="agent-env-5b0fd784-6f25-4857-a912-a8e99cf8ed52"><testcase classname="tests.backend_test.TestAuth" name="test_login_all_roles" time="2.930" /><testcase classname="tests.backend_test.TestReports" name="test_resident_can_only_see_own" time="2.932" /><testcase classname="tests.backend_test.TestAuth" name="test_login_bad_password" time="0.696" /><testcase classname="tests.backend_test.TestReports" name="test_admin_all_reports" time="0.735" /><testcase classname="tests.backend_test.TestReports" name="test_resident_cannot_get_all" time="0.573" /><testcase classname="tests.backend_test.TestReports" name="test_report_filters" time="0.580" /><testcase classname="tests.backend_test.TestReports" name="test_analyze_and_create_and_status" time="18.323" /><testcase classname="tests.backend_test.TestAuth" name="test_me" time="10.674" /><testcase classname="tests.backend_test.TestAuth" name="test_me_no_token" time="0.293" /><testcase classname="tests.backend_test.TestAnalytics" name="test_overview" time="0.264" /><testcase classname="tests.backend_test.TestAnalytics" name="test_pulse_math" time="0.271"><failure message="AssertionError: assert ('score' in {'pulse': 90, 'status': 'SEHAT', 'breakdown': {'infrastructure': 75, 'safety': 95, 'cleanliness': 96, 'finance': 95, ...}, 'trend': [{'month': '2026-02', 'pulse': 82, 'infrastructure': 74, 'safety': 88, ...}, {'month': '2026-03', 'pulse': 82, 'infrastructure': 70, 'safety': 90, ...}, {'month': '2026-04', 'pulse': 85, 'infrastructure': 76, 'safety': 89, ...}, {'month': '2026-05', 'pulse': 86, 'infrastructure': 79, 'safety': 92, ...}, {'month': '2026-06', 'pulse': 86, 'infrastructure': 72, 'safety': 91, ...}, {'month': '2026-07', 'pulse': 86, 'infrastructure': 74, 'safety': 91, ...}, ...]})">backend/tests/backend_test.py:67: in test_pulse_math
    assert "score" in d and "breakdown" in d
E   AssertionError: assert ('score' in {'pulse': 90, 'status': 'SEHAT', 'breakdown': {'infrastructure': 75, 'safety': 95, 'cleanliness': 96, 'finance': 95, ...}, 'trend': [{'month': '2026-02', 'pulse': 82, 'infrastructure': 74, 'safety': 88, ...}, {'month': '2026-03', 'pulse': 82, 'infrastructure': 70, 'safety': 90, ...}, {'month': '2026-04', 'pulse': 85, 'infrastructure': 76, 'safety': 89, ...}, {'month': '2026-05', 'pulse': 86, 'infrastructure': 79, 'safety': 92, ...}, {'month': '2026-06', 'pulse': 86, 'infrastructure': 72, 'safety': 91, ...}, {'month': '2026-07', 'pulse': 86, 'infrastructure': 74, 'safety': 91, ...}, ...]})</failure></testcase><testcase classname="tests.backend_test.TestAnalytics" name="test_reports_analytics" time="0.177" /><testcase classname="tests.backend_test.TestAnalytics" name="test_insights" time="0.222" /><testcase classname="tests.backend_test.TestResidents" name="test_residents_list" time="0.246" /><testcase classname="tests.backend_test.TestResidents" name="test_households" time="0.424" /><testcase classname="tests.backend_test.TestResidents" name="test_resident_cannot_list_residents" time="0.295" /><testcase classname="tests.backend_test.TestAnnouncements" name="test_list" time="0.303" /><testcase classname="tests.backend_test.TestAnnouncements" name="test_create_admin" time="0.228" /><testcase classname="tests.backend_test.TestAnnouncements" name="test_resident_cannot_create" time="0.193" /><testcase classname="tests.backend_test.TestAI" name="test_ask" time="4.774" /><testcase classname="tests.backend_test.TestAI" name="test_monthly_report" time="9.510"><failure message="AssertionError: missing highlights&#10;assert 'highlights' in {'executive_summary': 'Kondisi komunitas bulan Agustus 2026 berada dalam status SEHAT dengan skor pulsa 88/100. Meskipun transparansi keuangan sangat baik (95) dan partisipasi warga stabil (87), terdapat tantangan signifikan pada sektor infrastruktur dengan skor terendah 68 akibat lonjakan laporan kerusakan sebesar 67% dibandingkan bulan sebelumnya.', 'community_overview': 'Komunitas terdiri dari 1.284 warga dan 382 kepala keluarga. Sebanyak 27 laporan warga telah diterima, dengan status kesehatan lingkungan yang terjaga baik pada aspek keamanan dan kebersihan.', 'resident_activity': 'Tercatat 8 kegiatan komunitas dengan total partisipasi 427 warga. Kegiatan terbaru meliputi Gotong Royong Bersih Lingkungan (62 partisipan) dan Rapat RT Bulanan (48 partisipan), dengan tingkat keterlibatan warga mencapai skor 87.', 'community_issues': &quot;Masalah utama terpusat pada infrastruktur di wilayah RT 09 yang menyumbang 10 laporan. Isu prioritas mencakup jalan berlubang, lampu jalan padam, dan saluran drainase yang tersumbat, di mana laporan kategori 'HIGH' mendominasi sebanyak 12 kasus.&quot;, ...}">backend/tests/backend_test.py:235: in test_monthly_report
    assert k in d, f"missing {k}"
E   AssertionError: missing highlights
E   assert 'highlights' in {'executive_summary': 'Kondisi komunitas bulan Agustus 2026 berada dalam status SEHAT dengan skor pulsa 88/100. Meskipun transparansi keuangan sangat baik (95) dan partisipasi warga stabil (87), terdapat tantangan signifikan pada sektor infrastruktur dengan skor terendah 68 akibat lonjakan laporan kerusakan sebesar 67% dibandingkan bulan sebelumnya.', 'community_overview': 'Komunitas terdiri dari 1.284 warga dan 382 kepala keluarga. Sebanyak 27 laporan warga telah diterima, dengan status kesehatan lingkungan yang terjaga baik pada aspek keamanan dan kebersihan.', 'resident_activity': 'Tercatat 8 kegiatan komunitas dengan total partisipasi 427 warga. Kegiatan terbaru meliputi Gotong Royong Bersih Lingkungan (62 partisipan) dan Rapat RT Bulanan (48 partisipan), dengan tingkat keterlibatan warga mencapai skor 87.', 'community_issues': "Masalah utama terpusat pada infrastruktur di wilayah RT 09 yang menyumbang 10 laporan. Isu prioritas mencakup jalan berlubang, lampu jalan padam, dan saluran drainase yang tersumbat, di mana laporan kategori 'HIGH' mendominasi sebanyak 12 kasus.", ...}</failure></testcase><testcase classname="tests.backend_test.TestReports" name="test_resident_cannot_patch_status" time="0.447" /><testcase classname="tests.backend_test.TestFinance" name="test_get_finance" time="0.231" /><testcase classname="tests.backend_test.TestFinance" name="test_resident_cannot_post_finance" time="0.211" /><testcase classname="tests.backend_test.TestFinance" name="test_admin_add_tx_updates_balance" time="0.671" /><testcase classname="tests.backend_test.TestFinance" name="test_monthly" time="0.273" /><testcase classname="tests.backend_test.TestSuperadmin" name="test_overview" time="0.424" /><testcase classname="tests.backend_test.TestSuperadmin" name="test_admin_forbidden" time="0.232" /></testsuite></testsuites>